[debug] [2019-02-27T04:30:52.289Z] ----------------------------------------------------------------------
[debug] [2019-02-27T04:30:52.291Z] Command:       /Users/anithagunasekaran/.nvm/versions/node/v11.0.0/bin/node /Users/anithagunasekaran/.nvm/versions/node/v11.0.0/bin/firebase serve --only functions,hosting
[debug] [2019-02-27T04:30:52.292Z] CLI Version:   6.3.1
[debug] [2019-02-27T04:30:52.292Z] Platform:      darwin
[debug] [2019-02-27T04:30:52.292Z] Node Version:  v11.0.0
[debug] [2019-02-27T04:30:52.293Z] Time:          Wed Feb 27 2019 10:00:52 GMT+0530 (India Standard Time)
[debug] [2019-02-27T04:30:52.293Z] ----------------------------------------------------------------------
[debug] 
[debug] [2019-02-27T04:30:52.304Z] > command requires scopes: ["email","openid","https://www.googleapis.com/auth/cloudplatformprojects.readonly","https://www.googleapis.com/auth/firebase","https://www.googleapis.com/auth/cloud-platform"]
[debug] [2019-02-27T04:30:52.305Z] > authorizing via signed-in user
[debug] [2019-02-27T04:30:52.305Z] [iam] checking project ml-accelerators for permissions ["firebase.projects.get"]
[debug] [2019-02-27T04:30:52.307Z] > refreshing access token with scopes: ["email","https://www.googleapis.com/auth/cloud-platform","https://www.googleapis.com/auth/cloudplatformprojects.readonly","https://www.googleapis.com/auth/firebase","openid"]
[debug] [2019-02-27T04:30:52.307Z] >>> HTTP REQUEST POST https://www.googleapis.com/oauth2/v3/token  
 <request body omitted>
[debug] [2019-02-27T04:30:52.814Z] <<< HTTP RESPONSE 200
[debug] [2019-02-27T04:30:52.824Z] >>> HTTP REQUEST POST https://cloudresourcemanager.googleapis.com/v1/projects/ml-accelerators:testIamPermissions  

[debug] [2019-02-27T04:30:54.968Z] <<< HTTP RESPONSE 200
[debug] [2019-02-27T04:30:54.970Z] >>> HTTP REQUEST GET https://cloudresourcemanager.googleapis.com/v1/projects/ml-accelerators  
 
[debug] [2019-02-27T04:30:57.017Z] <<< HTTP RESPONSE 200
[info] 
[info] === Serving from '/Users/anithagunasekaran/ml-accelerators'...
[info] 
[debug] [2019-02-27T04:30:57.018Z] >>> HTTP REQUEST GET https://mobilesdk-pa.googleapis.com/v1/projects/182227341571/clients/_:getWebAppConfig  
 
[debug] [2019-02-27T04:30:57.858Z] <<< HTTP RESPONSE 200
[warn] ⚠  hosting: Port 5000 is not available. Trying another port...
[info] i  hosting: Serving hosting files from: dist/ml-accelerators
[info] ✔  hosting: Local server: http://localhost:5005
